Beginning execution of epitopefinder_getepitopes.py

Read input arguments from /fh/fast/bloom_j/grp/Heather/TcellEpitopeComparisons/human/PA/cd8epitopefinderinfile.txt
Read the following key / value pairs:
iedbfile /fh/fast/bloom_j/grp/Heather/TcellEpitopeComparisons/inputfiles/IEDB_Influenza_Tcell_compact_2014-10-09.csv
epitopelength 8 12
mhcclass I
epitopeslistfile /fh/fast/bloom_j/grp/Heather/TcellEpitopeComparisons/human/PA/cd8combinedepitopeslist.csv
purgeredundantoverlap 8
purgeredundant MHCgroup
epitopesbysitefile /fh/fast/bloom_j/grp/Heather/TcellEpitopeComparisons/human/PA/cd8combinedepitopesbysite.csv
targetprotsfile /fh/fast/bloom_j/grp/Heather/TcellEpitopeComparisons/human/PA/combined_prot_aligned.fasta
musclepath /usr/bin/
maxmismatches 1
supertypesfile /fh/fast/bloom_j/grp/Heather/TcellEpitopeComparisons/inputfiles/supertype_classification.txt

Reading epitopes from iedbfile /fh/fast/bloom_j/grp/Heather/TcellEpitopeComparisons/inputfiles/IEDB_Influenza_Tcell_compact_2014-10-09.csv...
Read a total of 2601 epitopes.

Now assigning alleles to class / gene / supertype / group.
Summary of allele assignments for the 2601 epitopes.
1080 of 2601 epitopes were assigned to MHC class I
  Of these, 933 of 1080 were assigned an MHC gene (A, B)
  Of these, 889 of 1080 were assigned an MHC supertype (A01, A02, A03, A24, B07, B08, B27, B44, B58, B62)
  Of these, 621 of 1080 were assigned an MHC group within the MHC gene
1325 of 2601 epitopes were assigned to MHC class II
  Of these, 783 of 1325 were assigned an MHC gene (DPB1, DQB1, DRB1, DRB3, DRB4, DRB5)
  Of these, 711 of 1325 were assigned an MHC group within the MHC gene
196 of 2601 epitopes were not assigned a MHC class.

We are searcing for MHC class I epitopes. We have 1080 such epitopes.

After restricting to epitopes with lengths >= 8 and <= 12, we have 959 epitopes remaining.

Now searching for matches for each epitope in the target protein sequences. These sequences are:
  2008_01_21_cdsAEO01652_A/Mexico/UASLP-013/2008_PA_H3N2
  2008_02_06_cdsAHL90489_A/NewYork/1138/2008_PA_H3N2
  2013_01_19_cdsAHL95765_A/Boston/YGA_00076/2013_PA_H3N2
  2012_12_28_cdsAHM00534_A/Chicago/YGA_04107/2012_PA_H3N2
  1959_02_03_cdsABO44097_A/Albany/1/1959_PA_H2N2
  2009_08_05_cdsAEY70285_A/HongKong/H090-755-V31/2009_PA_H3N2
  2004_08_12_cdsABI95246_A/Waikato/1/2004_PA_H3N2
  1995_01_24_cdsABG26919_A/NewYork/703/1995_PA_H3N2
  2002_06_10_cdsABC50306_A/Canterbury/53/2002_PA_H3N2
  2010_06_08_cdsADM12813_A/Managua/5806.01/2010_PA_H3N2
  2002_01_11_cdsAAY47020_A/NewYork/76/2002_PA_H3N2
  2011_04_25_cdsAFD98576_A/Boston/DOA87/2011_PA_H3N2
  2005_05_10_cdsAER24114_A/HongKong/HKU100/2005_PA_H3N2
  2005_07_22_cdsABL67425_A/Queensland/52/2005_PA_H3N2
  2006___cdsBAG84357_A/Sendai-H/041/2006_PA_H3N2
  2007_08_03_cdsAEX33986_A/HaNoi/BT262/2007_PA_H3N2
  2010_10_22_cdsAHC60846_A/Peru/PER239/2010_PA_H3N2
  2012_12_31_cdsAHL97115_A/Boston/YGA_01099/2012_PA_H3N2
  2008_03_12_cdsACN33064_A/NewYork/UR07-0153/2008_PA_H3N2
  2003_10_11_cdsAEG65248_A/Singapore/NHRC0011/2003_PA_H3N2
  2000___cdsABP49433_A/SouthAustralia/81/2000_PA_H3N2
  1983___cdsAFG99178_A/Oslo/13676/1983_PA_H3N2
  2009_04_30_cdsAIG45640_A/Singapore/S2009.329/2009_PA_H3N2
  2002_01_28_cdsABB04990_A/NewYork/420/2002_PA_H3N2
  2011_07_01_cdsAGN50616_A/Singapore/H2011.499a/2011_PA_H3N2
  2009_08_03_cdsAFH75395_A/HongKong/H090-770-V10/2009_PA_H3N2
  2007_01_11_cdsACN80481_A/Taiwan/7/2007_PA_H3N2
  2012_07_30_cdsAHW46744_A/Thailand/VIROAF2/2012_PA_H3N2
  2011_09_07_cdsAHC62633_A/Peru/PER396/2011_PA_H3N2
  1996_04_01_cdsABG47869_A/NewYork/652/1996_PA_H3N2
  1998_12_30_cdsAAZ79589_A/NewYork/330/1998_PA_H3N2
  2010_10_04_cdsAHC59240_A/Peru/PER104/2010_PA_H3N2
  1968___cdsAGQ47925_A/NorthernTerritories/60-JY2/1968_PA_H3N2
  2005_07_03_cdsACN80470_A/Taiwan/383/2005_PA_H3N2
  1996_12_17_cdsABG67153_A/NewYork/598/1996_PA_H3N2
  2000_02_07_cdsAEG64896_A/Missouri/NHRC0001/2000_PA_H3N2
  2013_01_14_cdsAHL97956_A/Boston/YGA_01171/2013_PA_H3N2
  1999_12_07_cdsAAY47059_A/NewYork/155/1999_PA_H3N2
  1994_11_17_cdsABG79970_A/NewYork/655/1994_PA_H3N2
  1993_11_14_cdsAFG72423_A/Oslo/2219/1993_PA_H3N2
  2006_03_16_cdsAFJ78074_A/Malaysia/34015/2006_PA_H3N2
  1994_07_29_cdsABG47957_A/NewYork/715/1994_PA_H3N2
  2013_01_20_cdsAHZ40777_A/Houston/JMM_165/2013_PA_H3N2
  1986___cdsABG26809_A/Memphis/5/1986_PA_H3N2
  2003_11_21_cdsAFD63955_A/England/492/2003_PA_H3N2
  2003___cdsABW81569_A/Denmark/81/2003_PA_H3N2
  1990_01_08_cdsACI26567_A/Siena/4/1990_PA_H3N2
  2007_02_28_cdsAHL89913_A/NewYork/1082/2007_PA_H3N2
  1993_02_04_cdsABI21394_A/NewYork/790/1993_PA_H3N2
  1989___cdsAFG72125_A/Geneva/5007/1989_PA_H3N2
  2006_03_07_cdsAHL89397_A/NewYork/1034/2006_PA_H3N2
  2004_11_08_cdsABB03097_A/NewYork/471/2004_PA_H3N2
  1992_02_14_cdsAFG99994_A/Stockholm/7/1992_PA_H3N2
  1998_02_08_cdsABC02306_A/NewYork/538/1998_PA_H3N2
  1989___cdsAFG99420_A/Wellington/5/1989_PA_H3N2
  1950___cdsABP49323_A/Albany/4836/1950_PA_H1N1
  1973___cdsAGQ47901_A/PortChalmers/JY2/1973_PA_H3N2
  2000_09_21_cdsABD15720_A/Hutt/82/2000_PA_H3N2
  1998_12_28_cdsAAY46423_A/NewYork/240/1998_PA_H3N2
  2004___cdsAEX33625_A/TayNguyen/TN46/2004_PA_H3N2
  1993___cdsAFH00292_A/Shangdong/9/1993_PA_H3N2
  1992_01_09_cdsAFG99752_A/Netherlands/819/1992_PA_H3N2
  1957_06_01_cdsAEA04383_A/Japan/305-MA12/1957_PA_H2N2
  1997_06_20_cdsAFG72709_A/HongKong/280/1997_PA_H3N2
  1974___cdsABC02328_A/Memphis/102/1974_PA_H3N2
  1999_12_04_cdsAAY44893_A/NewYork/139/1999_PA_H3N2
  1996_12_24_cdsABG37149_A/NewYork/577/1996_PA_H3N2
  1999_04_09_cdsAAZ83284_A/NewYork/261/1999_PA_H3N2
  1992_04_03_cdsAFG99730_A/Houston/56941/1992_PA_H3N2
  1997_01_02_cdsABD79174_A/NewYork/579/1997_PA_H3N2
  2001_03_14_cdsAFG72819_A/Netherlands/118/2001_PA_H3N2
  1997_01_06_cdsABD77913_A/NewYork/597/1997_PA_H3N2
  1957___cdsAFV53223_A/RockvilleIllinois/5/1957_PA_H2N2
  1991_12_01_cdsAFG99895_A/Paris/467/1991_PA_H3N2
  1958___cdsABP49477_A/Albany/1/1958_PA_H2N2
  1988___cdsABB96516_A/Memphis/13/1988_PA_H3N2
  1959___cdsAEN68977_A/Krasnodar/101/1959_PA_H2N2
  1969___cdsABP49510_A/Albany/4/1969_PA_H3N2
  1995___cdsAAC63418_A/Akita/1/95_PA_H3N2
  1988___cdsABD16589_A/Memphis/15/1988_PA_H3N2
  1985___cdsABD61784_A/Memphis/2/1985_PA_H3N2
  1989___cdsAFG99431_A/Waikato/1/1989_PA_H3N2
  1985___cdsABB04356_A/HongKong/7/1985_PA_H3N2
  1995_12_08_cdsABE14499_A/NewYork/634/1995_PA_H3N2
  1957___cdsABP49466_A/Albany/22/1957_PA_H2N2
  1967___cdsACF54396_A/Georgia/1/1967_PA_H2N2
  1994_01_13_cdsABG48001_A/NewYork/721/1994_PA_H3N2
  1968___cdsAFM71864_A/Aichi/2/1968_PA_H3N2
  1968___cdsAGB08359_A/Bilthoven/16190/1968_PA_H3N2
  1979___cdsAFH00721_A/Bangkok/1/1979_PA_H3N2
  1967___cdsACD85249_A/Tashkent/1046/1967_PA_H2N2
  1991_12_12_cdsAFG99552_A/Lyon/1182/1991_PA_H3N2
  1991___cdsAFG99508_A/Canberra/1/1991_PA_H3N2
  1983___cdsABB04946_A/HongKong/5/1983_PA_H3N2
  1981___cdsAFG99134_A/Lyon/2380/1981_PA_H3N2
  1954___cdsADT78875_A/Netherlands/001H1/1954_PA_H1N1
  1969___cdsABN51139_A/Albany/3/1969_PA_H3N2
  2001_09_28_cdsABS50060_A/Auckland/604/2001_PA_H3N2
  1984___cdsABB04957_A/HongKong/7/1984_PA_H3N2
  1965___cdsAAO46314_A/Albany/1/65_PA_H2N2
  2001_08_24_cdsABK80153_A/Queensland/18/2001_PA_H3N2
  1971___cdsAAO46518_A/Caracas/1/71_PA_H3N2
  1990___cdsAFG99497_A/Wellington/3/1990_PA_H3N2
  1974___cdsAFG98936_A/Bilthoven/7398/1974_PA_H3N2
  1983___cdsABB79795_A/HongKong/14/1983_PA_H3N2
  1943___cdsABO38061_A/AA/Marton/1943_PA_H1N1
  1961___cdsAAO46311_A/Panama/1/61_PA_H2N2
  1985_02_01_cdsAFG99211_A/Netherlands/333/1985_PA_H3N2
  1972___cdsAAZ43390_A/Memphis/102/1972_PA_H3N2
  1990___cdsAFG99453_A/Memphis/5/1990_PA_H3N2
  1976___cdsABP49499_A/Albany/15/1976_PA_H3N2
  1981___cdsABC46583_A/Memphis/1/1981_PA_H3N2
  1973___cdsABB04345_A/HongKong/11/1973_PA_H3N2
  1951___cdsABQ44478_A/Albany/14/1951_PA_H1N1
  1977___cdsABC02317_A/Memphis/5/1977_PA_H3N2
  1980_06_05_cdsAGI00243_A/Taiwan/546/1980_PA_H3N2
  1972___cdsAFG98859_A/Bilthoven/23290/1972_PA_H3N2
  1958___cdsABO38303_A/Albany/4/1958_PA_H2N2
  1972___cdsABC97381_A/Memphis/105/1972_PA_H3N2
  1966___cdsAAO46317_A/California/1/1966_PA_H2N2
  1965___cdsACD85205_A/Potsdam/2/1965_PA_H2N2
  1970___cdsABO52331_A/Albany/2/1970_PA_H3N2
  1967___cdsACD85260_A/Johannesburg/617/1967_PA_H2N2
  1966___cdsAAO46318_A/Panama/1/66_PA_H2N2
  1980_07_07_cdsAGI00245_A/Taiwan/601/1980_PA_H3N2
  1964___cdsABF21261_A/Taiwan/1964_PA_H2N2
  1971___cdsAFG71949_A/HongKong/107/1971_PA_H3N2
  1977___cdsAFG99068_A/Amsterdam/1609/1977_PA_H3N2
  1970___cdsABS49906_A/Albany/1/1970_PA_H3N2
  1966___cdsACI25731_A/CzechRepublic/1/1966_PA_H2N2
  1976___cdsAFG99024_A/Bilthoven/1761/1976_PA_H3N2
  1935___cdsABO38391_A/Phila/1935_PA_H1N1
  1978___cdsABO33076_A/Albany/14/1978_PA_H3N2
  1949___cdsAGQ47795_A/Roma/JY2/1949_PA_H1N1
  1974___cdsABC02262_A/Memphis/103/1974_PA_H3N2
  1988_03_01_cdsAFG99288_A/Netherlands/450/1988_PA_H3N2
  1977___cdsAFG99090_A/Rotterdam/5828/1977_PA_H3N2
  1959___cdsAAO46309_A/Victoria/15681/59_PA_H2N2
  1970___cdsABO52375_A/Albany/6/1970_PA_H3N2
  1976___cdsABB96370_A/Memphis/137/1976_PA_H3N2
  1957___cdsABD15266_A/Denver/1957_PA_H1N1
  1933___cdsABD77803_A/Wilson-Smith/1933_PA_H1N1
  1981___cdsAFG72047_A/Bilthoven/4791/1981_PA_H3N2
  1934___cdsACV49552_A/PuertoRico/8-1/1934_PA_H1N1
  1973___cdsAFG98881_A/Bilthoven/552/1973_PA_H3N2
  1946___cdsAGQ47783_A/Cameron/JY2/1946_PA_H1N1
  1954___cdsABO52287_A/Malaya/302/1954_PA_H1N1
  1940___cdsAGO00284_A/Hickox/JY2/1940_PA_H1N1
  1947___cdsABD77814_A/FortMonmouth/1/1947_PA_H1N1
  1987___cdsABB04367_A/HongKong/7/1987_PA_H3N2
  1978___cdsABB96326_A/Memphis/2/1978_PA_H3N2
  1987_07_14_cdsAGI00263_A/Taiwan/1091/1987_PA_H3N2
  1987___cdsAFM72105_A/Sichuan/2/1987_PA_H3N2
  1964___cdsAAO46313_A/Murakami/4/64_PA_H2N2
  1982___cdsABB46410_A/HongKong/1/1982_PA_H3N2
  1957___cdsAFV53267_A/Kw/1/1957_PA_H1N1
  1982_06_01_cdsADJ41823_A/Philippines/2-MA/1982_PA_H3N2
  1980___cdsAFG72036_A/Rotterdam/577/1980_PA_H3N2
  1965___cdsAAO46315_A/Pittsburgh/2/65_PA_H2N2
  1978___cdsABC46561_A/Memphis/19/1978_PA_H3N2
  1968___cdsAAO46323_A/Berkeley/1/1968_PA_H2N2
  1943___cdsABO38380_A/Iowa/1943_PA_H1N1
  1933___cdsABF21264_A/Wilson-Smith/1933_PA_H1N1
  1943___cdsAGQ47806_A/Weiss/JY2/1943_PA_H1N1
  1986___cdsABD16725_A/Memphis/11/1986_PA_H3N2
  1963___cdsACV49585_A/NorthCarolina/1/1963_PA_H2N2
  1963___cdsACI26391_A/Netherlands/56/1963_PA_H2N2
  1918___cdsABA55040_A/BrevigMission/1/1918_PA_H1N1
  1950___cdsABD61742_A/FortWarren/1/1950_PA_H1N1
  1969___cdsAFG98815_A/Bilthoven/908/1969_PA_H3N2
  1986___cdsAFG99244_A/Colorado/2/1986_PA_H3N2
  1958___cdsADT78897_A/Netherlands/001M/1958_PA_H2N2
  1960___cdsAFV53321_A/AnnArbor/6/1960_PA_H2N2
  1979___cdsABF21254_A/Bangkok/1/1979_PA_H3N2
  1984___cdsABB79806_A/HongKong/4/1984_PA_H3N2
  1951___cdsAGQ47818_A/FLW/1951_PA_H1N1
  1982_12_25_cdsAGI00253_A/Taiwan/1021/1982_PA_H3N2
  1971___cdsAFG98848_A/Bilthoven/21801/1971_PA_H3N2
  1960___cdsABQ01362_A/Albany/1/1960_PA_H2N2
  1951___cdsADT79107_A/Liverpool/1951_PA_H1N1
  1945___cdsABP49334_A/AA/Huston/1945_PA_H1N1
  1934___cdsCAA24295_A/PR/8/1938_PA_H1N1
  1956___cdsADT78858_A/Netherlands/001B1/1956_PA_H1N1
  1947___cdsAGQ47771_A/FortMonmouth/1-JY2/1947_PA_H1N1
  1968___cdsABO52254_A/Albany/1/1968_PA_H2N2
  1964___cdsACD85194_A/Berlin/3/1964_PA_H2N2
  1949___cdsABN59441_A/Roma/1949_PA_H1N1
  1935___cdsAGQ47854_A/Melbourne/JY2/1935_PA_H1N1
  1962___cdsAAO46312_A/Japan/170/62_PA_H2N2
  1975___cdsAFG98969_A/Bilthoven/1843/1975_PA_H3N2
  1975___cdsAFG98991_A/Bilthoven/2813/1975_PA_H3N2
  1968___cdsABO38741_A/Albany/2/1968_PA_H2N2
  1942___cdsABD62849_A/Bellamy/1942_PA_H1N1
  1953___cdsADT78940_A/Netherlands/002W1/1953_PA_H1N1
  1975___cdsAFG99002_A/Victoria/3/1975_PA_H3N2
  1960___cdsAAA43616_A/AnnArbor/6/1960_PA_H2N2
  1935___cdsAEM60011_A/bh/1935_PA_H1N1
  1979_07_09_cdsAGI00239_A/Taiwan/10/1979_PA_H3N2
  1963___cdsADT78886_A/Netherlands/001K1/1963_PA_H2N2
  1948___cdsABN59408_A/Albany/4835/1948_PA_H1N1
  1934___cdsADX99654_A/PuertoRico/8-WG/1934_PA_H1N1
  1933_04_16_cdsACV49541_A/UnitedKingdom/1/1933_PA_H1N1
  1946___cdsABD79119_A/Cameron/1946_PA_H1N1
  1930___cdsAAA43675_A/swine/Iowa/15/1930_PA_H1N1
  1988___cdsABR29592_A/swine/Wisconsin/1915/1988_PA_H1N1
  1971___cdsABR28709_A/swine/Wisconsin/1/1971_PA_H1N1
  1997___cdsABB86956_A/swine/Wisconsin/238/97_PA_H1N1
  1976___cdsABW36329_A/swine/Tennessee/23/1976_PA_H1N1
  1978___cdsABW86592_A/swine/Tennessee/8/1978_PA_H1N1
  1991___cdsABY84691_A/swine/California/T9001707/1991_PA_H1N1
  1977___cdsABW36384_A/swine/Iowa/100/1977_PA_H1N1
  1988___cdsACQ84504_A/Swine/Indiana/1726/1988_PA_H1N1
  1976___cdsAHN00735_A/swine/Wisconsin/46/1976_PA_H1N1
  1991___cdsABR29572_A/swine/Maryland/23239/1991_PA_H1N1
  1976___cdsABX58675_A/swine/Wisconsin/30747/1976_PA_H1N1
  1988___cdsABS50128_A/swine/Iowa/31483/1988_PA_H1N1
  1977___cdsABU80239_A/swine/Tennessee/86/1977_PA_H1N1
  1970___cdsABR28731_A/swine/Wisconsin/2/1970_PA_H1N1
  1985___cdsABR29622_A/swine/Iowa/1/1985_PA_H1N1
  1977___cdsABR28654_A/swine/Nebraska/123/1977_PA_H1N1
  1981___cdsABR28665_A/swine/Ontario/4/1981_PA_H1N1
  1979___cdsABR28643_A/swine/Minnesota/5892-7/1979_PA_H1N1
  1957___cdsABV82580_A/swine/Wisconsin/1/1957_PA_H1N1
  1987___cdsABS50118_A/swine/Iowa/1/1987_PA_H1N1
  1978___cdsABY51222_A/swine/Tennessee/7/1978_PA_H1N1
  1981___cdsABW36351_A/swine/Ontario/3/1981_PA_H1N1
  1975___cdsABR28687_A/swine/Tennessee/1/1975_PA_H1N1
  1978___cdsABW86581_A/swine/Tennessee/5/1978_PA_H1N1
  1981___cdsABR28676_A/swine/Ontario/7/1981_PA_H1N1
  1966___cdsABV82602_A/swine/Wisconsin/2/1966_PA_H1N1
  1975___cdsABU80195_A/swine/Minnesota/24/1975_PA_H1N1
  1931___cdsACV52108_A/swine/USA/1976/1931_PA_H1N1
  1980___cdsABR28742_A/swine/Wisconsin/641/1980_PA_H1N1
  1961___cdsACD85161_A/swine/Wisconsin/1/1961_PA_H1N1
  1990___cdsACI26611_A/swine/Memphis/1/1990_PA_H1N1
  1998___cdsABB86951_A/swine/Wisconsin/464/98_PA_H1N1
  1986___cdsABY81433_A/swine/Iowa/1/1986_PA_H1N1
  1931___cdsAAA43617_A/swine/1976/1931_PA_H1N1
  1931___cdsACV52119_A/swine/USA/1976-MA/1931_PA_H1N1
  1987___cdsABR29582_A/swine/Kansas/3228/1987_PA_H1N1
  1987___cdsABX58653_A/swine/Iowa/2/1987_PA_H1N1
  1980___cdsABR28764_A/swine/Wisconsin/8/1980_PA_H1N1
  1980___cdsABR28720_A/swine/Wisconsin/11/1980_PA_H1N1
  1985___cdsABW86603_A/swine/Iowa/2/1985_PA_H1N1
  1975___cdsABR28610_A/swine/Illinois/1/1975_PA_H1N1
  1991___cdsABW71528_A/swine/Iowa/24297/1991_PA_H1N1
  1935___cdsABW71488_A/swine/Ohio/23/1935_PA_H1N1
Found 43 epitopes that aligned with no gaps and <= 1 mismatches.

Now purging as redundant epitopes that have the same MHCgroup and >= 8 residues of overlap in their alignment to the target protein.
Found a total of 18 unique epitopes.

Writing list of the unique and redundant epitopes to /fh/fast/bloom_j/grp/Heather/TcellEpitopeComparisons/human/PA/cd8combinedepitopeslist.csv

Writing list of epitopes per site to /fh/fast/bloom_j/grp/Heather/TcellEpitopeComparisons/human/PA/cd8combinedepitopesbysite.csv

Script is complete.
