
                  BEAST v1.8.1, 2002-2014
       Bayesian Evolutionary Analysis Sampling Trees
                 Designed and developed by
   Alexei J. Drummond, Andrew Rambaut and Marc A. Suchard
                              
               Department of Computer Science
                   University of Auckland
                  alexei@cs.auckland.ac.nz
                              
             Institute of Evolutionary Biology
                  University of Edinburgh
                     a.rambaut@ed.ac.uk
                              
              David Geffen School of Medicine
           University of California, Los Angeles
                     msuchard@ucla.edu
                              
                Downloads, Help & Resources:
                 	http://beast.bio.ed.ac.uk
                              
Source code distributed under the GNU Lesser General Public License:
            	http://code.google.com/p/beast-mcmc
                              
                     BEAST developers:
	Alex Alekseyenko, Guy Baele, Trevor Bedford, Filip Bielejec, Erik Bloomquist, Matthew Hall,
	Joseph Heled, Sebastian Hoehna, Denise Kuehnert, Philippe Lemey, Wai Lok Sibon Li,
	Gerton Lunter, Sidney Markowitz, Vladimir Minin, Michael Defoin Platel,
          	Oliver Pybus, Chieh-Hsi Wu, Walter Xie
                              
                         Thanks to:
    	Roald Forsberg, Beth Shapiro and Korbinian Strimmer

Using BEAGLE library v2.1.2 for accelerated, parallel likelihood evaluation
2009-2013, BEAGLE Working Group - http://beagle-lib.googlecode.com/
Citation: Ayres et al (2012) Systematic Biology 61: 170-173 | doi:10.1093/sysbio/syr100



Random number seed: 1425668599362

Mar 06, 2015 11:03:19 AM dr.app.beast.BeastMain <init>
SEVERE: File error: beastinfile.xml (No such file or directory)
java.lang.RuntimeException: Terminate
	at dr.app.beast.BeastMain.<init>(Unknown Source)
	at dr.app.beast.BeastMain.main(Unknown Source)
