Beginning execution of epitopefinder_getepitopes.py

Read input arguments from /fh/fast/bloom_j/grp/Heather/TcellEpitopeComparisons/human/PB2/cd8epitopefinderinfile.txt
Read the following key / value pairs:
iedbfile /fh/fast/bloom_j/grp/Heather/TcellEpitopeComparisons/inputfiles/IEDB_Influenza_Tcell_compact_2014-10-09.csv
epitopelength 8 12
mhcclass I
epitopeslistfile /fh/fast/bloom_j/grp/Heather/TcellEpitopeComparisons/human/PB2/cd8combinedepitopeslist.csv
purgeredundantoverlap 8
purgeredundant MHCgroup
epitopesbysitefile /fh/fast/bloom_j/grp/Heather/TcellEpitopeComparisons/human/PB2/cd8combinedepitopesbysite.csv
targetprotsfile /fh/fast/bloom_j/grp/Heather/TcellEpitopeComparisons/human/PB2/combined_prot_aligned.fasta
musclepath /usr/bin/
maxmismatches 1
supertypesfile /fh/fast/bloom_j/grp/Heather/TcellEpitopeComparisons/inputfiles/supertype_classification.txt

Reading epitopes from iedbfile /fh/fast/bloom_j/grp/Heather/TcellEpitopeComparisons/inputfiles/IEDB_Influenza_Tcell_compact_2014-10-09.csv...
Read a total of 2601 epitopes.

Now assigning alleles to class / gene / supertype / group.
Summary of allele assignments for the 2601 epitopes.
1080 of 2601 epitopes were assigned to MHC class I
  Of these, 933 of 1080 were assigned an MHC gene (A, B)
  Of these, 889 of 1080 were assigned an MHC supertype (A01, A02, A03, A24, B07, B08, B27, B44, B58, B62)
  Of these, 621 of 1080 were assigned an MHC group within the MHC gene
1325 of 2601 epitopes were assigned to MHC class II
  Of these, 783 of 1325 were assigned an MHC gene (DPB1, DQB1, DRB1, DRB3, DRB4, DRB5)
  Of these, 711 of 1325 were assigned an MHC group within the MHC gene
196 of 2601 epitopes were not assigned a MHC class.

We are searcing for MHC class I epitopes. We have 1080 such epitopes.

After restricting to epitopes with lengths >= 8 and <= 12, we have 959 epitopes remaining.

Now searching for matches for each epitope in the target protein sequences. These sequences are:
  2000___cdsABO33068_A/SouthAustralia/15/2000_PB2_H3N2
  1996_03_19_cdsABE11921_A/NewYork/617/1996_PB2_H3N2
  2011_02_24_cdsAFD98405_A/Boston/DOA61/2011_PB2_H3N2
  2004_10_04_cdsABC86039_A/Canterbury/305/2004_PB2_H3N2
  1982___cdsABB46413_A/HongKong/1/1982_PB2_H3N2
  2009_04_01_cdsAEB71946_A/Boston/73/2009_PB2_H3N2
  2002_06_18_cdsABR28877_A/Auckland/609/2002_PB2_H3N2
  1997___cdsAAK18016_A/HongKong/498/97_PB2_H3N2
  2001_12_25_cdsAAY28344_A/NewYork/94/2001_PB2_H3N2
  2013_02_24_cdsAHA98476_A/Helsinki/879/2013_PB2_H3N2
  2003_10_06_cdsABI92774_A/WesternAustralia/48/2003_PB2_H3N2
  1999_02_02_cdsAFJ74447_A/Malaysia/10879/1999_PB2_H3N2
  2007_02_19_cdsABV29831_A/California/UR06-0347/2007_PB2_H3N2
  2012_12_28_cdsAHL99771_A/SantaClara/YGA_03067/2012_PB2_H3N2
  2004_09_15_cdsABC42793_A/Canterbury/202/2004_PB2_H3N2
  2006_02_24_cdsAHL89341_A/NewYork/1029/2006_PB2_H3N2
  2010_06_07_cdsADM12838_A/Managua/1807.03/2010_PB2_H3N2
  1998_01_29_cdsABB80250_A/NewYork/534/1998_PB2_H3N2
  2005___cdsACH69571_A/Guangdong/07/2005_PB2_H3N2
  2009_07_30_cdsAEY70299_A/HongKong/H090-756-V10/2009_PB2_H3N2
  2003_11_27_cdsAFD64007_A/England/508/2003_PB2_H3N2
  2009_07_29_cdsAFH74905_A/HongKong/H090-752-V10/2009_PB2_H3N2
  2005_12_05_cdsAEG65768_A/California/NHRC0008/2005_PB2_H3N2
  1959___cdsAAO46253_A/Victoria/15681/59_PB2_H2N2
  2003_03_20_cdsACF22169_A/Yucatan/ME6057/2003_PB2_H3N2
  2004_12_28_cdsABA87252_A/NewYork/354/2004_PB2_H3N2
  2012_04_11_cdsAHC59820_A/Peru/PER153/2012_PB2_H3N2
  2012_12_17_cdsAHZ40020_A/Houston/JMM_79/2012_PB2_H3N2
  1957___cdsAAA19215_A/Leningrad/134/47/1957_PB2_H2N2
  2005_03_16_cdsBAG50031_A/Morioka/35/2005_PB2_H3N2
  2013_01_16_cdsAGW01318_A/Boston/DOA2-154/2013_PB2_H3N2
  2007_02_24_cdsABW91448_A/Illinois/UR06-0402/2007_PB2_H3N2
  2013_07_18_cdsAIL93986_A/Nicaragua/7228_01/2013_PB2_H3N2
  2007_06_23_cdsACI26416_A/Managua/26/2007_PB2_H3N2
  1994_01_18_cdsABI20957_A/NewYork/744/1994_PB2_H3N2
  1999_12_17_cdsABD61347_A/Canterbury/179/1999_PB2_H3N2
  2001_07_13_cdsABD77663_A/WestCoast/55/2001_PB2_H3N2
  1991_09_15_cdsAFG99522_A/England/260/1991_PB2_H3N2
  2008_03_10_cdsAHL90661_A/NewYork/1152/2008_PB2_H3N2
  1998_02_03_cdsABD94832_A/NewYork/536/1998_PB2_H3N2
  1970___cdsAAO46500_A/Taiwan/2/70_PB2_H3N2
  1971___cdsABB82237_A/HongKong/46/1971_PB2_H3N2
  1996_07_19_cdsAFH00482_A/HongKong/357/1996_PB2_H3N2
  1993_11_14_cdsAFG72426_A/Oslo/2219/1993_PB2_H3N2
  2002_08_12_cdsABG48191_A/Waikato/52/2002_PB2_H3N2
  2010_10_26_cdsAHC57474_A/Peru/PER261/2010_PB2_H3N2
  2010_12_09_cdsAEK29209_A/MexicoCity/WRAIR3579N/2010_PB2_H3N2
  2006_04_06_cdsABJ53492_A/NewYork/6/2006_PB2_H3N2
  2002_06_25_cdsABC50320_A/Canterbury/56/2002_PB2_H3N2
  1995_12_02_cdsAFG72646_A/Netherlands/271/1995_PB2_H3N2
  1945___cdsABP49337_A/AA/Huston/1945_PB2_H1N1
  1996_12_31_cdsABD78125_A/NewYork/584/1996_PB2_H3N2
  2011_01_24_cdsAHL81036_A/Tennessee/F2019A/2011_PB2_H3N2
  1999_12_20_cdsABA42949_A/NewYork/426/1999_PB2_H3N2
  1971___cdsADT79066_A/Bilthoven/6449/1971_PB2_H3N2
  2011_09_08_cdsAHC59938_A/Peru/PER163/2011_PB2_H3N2
  1982_12_01_cdsAFG99159_A/Netherlands/241/1982_PB2_H3N2
  2008_09_15_cdsAFJ75672_A/Malaysia/2075556/2008_PB2_H3N2
  2000___cdsABI93104_A/NewSouthWales/28/2000_PB2_H3N2
  1993_04_01_cdsABG88783_A/NewYork/783/1993_PB2_H3N2
  1994_01_15_cdsABG88508_A/NewYork/740/1994_PB2_H3N2
  1957___cdsACU79969_A/Japan/305/1957_PB2_H2N2
  2006_02_03_cdsBAG50033_A/Morioka/17/2006_PB2_H3N2
  2008_02_25_cdsACL12216_A/NewYork/UR07-0080/2008_PB2_H3N2
  1998_03_20_cdsABC84421_A/NewYork/502/1998_PB2_H3N2
  1980___cdsABB53761_A/Nanjing/13/1980_PB2_H3N2
  2000_05_06_cdsABS50030_A/Auckland/600/2000_PB2_H3N2
  1994_01_17_cdsABG47971_A/NewYork/716/1994_PB2_H3N2
  1992___cdsAFG72183_A/Amsterdam/4112/1992_PB2_H3N2
  1963___cdsACV49588_A/NorthCarolina/1/1963_PB2_H2N2
  1992___cdsAFM72152_A/Harbin/15/1992_PB2_H3N2
  1991_12_19_cdsAFG99788_A/Netherlands/938/1991_PB2_H3N2
  1980___cdsABB46557_A/HongKong/45/1980_PB2_H3N2
  1995_12_14_cdsABE15628_A/NewYork/648/1995_PB2_H3N2
  1977___cdsAFG99082_A/Bilthoven/3895/1977_PB2_H3N2
  1992_01_09_cdsAFG72194_A/Enschede/1285/1992_PB2_H3N2
  1969___cdsABN51142_A/Albany/3/1969_PB2_H3N2
  1958___cdsABP49447_A/Albany/24/1958_PB2_H2N2
  2001_09_13_cdsABG67523_A/Waikato/105/2001_PB2_H3N2
  1972___cdsAFG71963_A/Bilthoven/6022/1972_PB2_H3N2
  1995_01_20_cdsABG88365_A/NewYork/673/1995_PB2_H3N2
  1958_01_29_cdsABO52246_A/Albany/5/1958_PB2_H2N2
  1991___cdsAFG99511_A/Canberra/1/1991_PB2_H3N2
  1983___cdsAFG99181_A/Oslo/13676/1983_PB2_H3N2
  1997_01_17_cdsABD79199_A/NewYork/566/1997_PB2_H3N2
  1989___cdsAFG99401_A/Singapore/40/1989_PB2_H3N2
  1997_12_22_cdsABB77874_A/NewYork/508/1997_PB2_H3N2
  1980___cdsABB04293_A/HongKong/46/1980_PB2_H3N2
  1971___cdsAAO46503_A/Caracas/1/71_PB2_H3N2
  1974___cdsABB04304_A/HongKong/14/1974_PB2_H3N2
  1993_03_11_cdsABJ09227_A/NewYork/800/1993_PB2_H3N2
  1957___cdsACD56301_A/AnnArbor/23/1957_PB2_H2N2
  1974___cdsABB96362_A/Memphis/101/1974_PB2_H3N2
  1989___cdsAFG72139_A/HongKong/1/1989_PB2_H3N2
  1973___cdsABD60800_A/HongKong/33/1973_PB2_H3N2
  1988___cdsABB96519_A/Memphis/13/1988_PB2_H3N2
  1988_02_05_cdsACI26559_A/Siena/3/1988_PB2_H3N2
  1969___cdsAAO46498_A/England/878/1969_PB2_H3N2
  1990_01_18_cdsACI26581_A/Siena/10/1990_PB2_H3N2
  1965___cdsAAO46260_A/Pittsburgh/2/65_PB2_H2N2
  1974___cdsABC02331_A/Memphis/102/1974_PB2_H3N2
  1975___cdsAFG98972_A/Bilthoven/1843/1975_PB2_H3N2
  1972___cdsAAO46506_A/Tokyo/31/72_PB2_H3N2
  1972___cdsABB04381_A/HongKong/6/1972_PB2_H3N2
  1964___cdsAAO46257_A/Murakami/4/64_PB2_H2N2
  1960___cdsADT78957_A/Netherlands/056H1/1960_PB2_H2N2
  1965___cdsACD85208_A/Potsdam/2/1965_PB2_H2N2
  1965___cdsAAO46259_A/Kumamoto/1/1965_PB2_H2N2
  1984___cdsABB79809_A/HongKong/4/1984_PB2_H3N2
  1976___cdsABQ01376_A/Albany/1/1976_PB2_H3N2
  1978___cdsABO33079_A/Albany/14/1978_PB2_H3N2
  1964___cdsACD85230_A/Cottbus/1/1964_PB2_H2N2
  1990___cdsABD16581_A/Memphis/7/1990_PB2_H3N2
  1960___cdsABQ01365_A/Albany/1/1960_PB2_H2N2
  1964___cdsABF21233_A/Taiwan/1964_PB2_H2N2
  1947___cdsACV49577_A/FortMonmouth/1/1947_PB2_H1N1
  1975___cdsAFG98994_A/Bilthoven/2813/1975_PB2_H3N2
  1970___cdsADT79036_A/Bilthoven/2668/1970_PB2_H3N2
  1968___cdsABN51131_A/Albany/19/1968_PB2_H3N2
  1967___cdsAFV53346_A/Cornell/1001/1967_PB2_H2N2
  1983___cdsABB04927_A/HongKong/26/1983_PB2_H3N2
  1988___cdsAEM60079_A/Memphis/3/1988_PB2_H3N2
  1969___cdsABP49513_A/Albany/4/1969_PB2_H3N2
  1983___cdsABB79798_A/HongKong/14/1983_PB2_H3N2
  1963___cdsACI26394_A/Netherlands/56/1963_PB2_H2N2
  1975___cdsAFG72017_A/Bilthoven/4273/1975_PB2_H3N2
  1978___cdsABB96329_A/Memphis/2/1978_PB2_H3N2
  1979___cdsAFH00724_A/Bangkok/1/1979_PB2_H3N2
  1963___cdsAFV53303_A/Ned/65/1963_PB2_H2N2
  1977___cdsABC67871_A/Memphis/4/1977_PB2_H3N2
  1933_04_16_cdsACV49544_A/UnitedKingdom/1/1933_PB2_H1N1
  1978___cdsABO38240_A/Memphis/16/1978_PB2_H3N2
  1949___cdsABN59444_A/Roma/1949_PB2_H1N1
  1968___cdsABB54524_A/Memphis/1/1968_PB2_H3N2
  1981_07_06_cdsAGH99328_A/Taiwan/936/1981_PB2_H3N2
  1976___cdsABB96373_A/Memphis/137/1976_PB2_H3N2
  1990___cdsAFG99456_A/Memphis/5/1990_PB2_H3N2
  1989___cdsAFG99324_A/England/138/1989_PB2_H3N2
  1987___cdsAFM72130_A/Shanghai/11/1987_PB2_H3N2
  1973___cdsAGQ47905_A/PortChalmers/JY2/1973_PB2_H3N2
  1976___cdsAGB08339_A/Bilthoven/2271/1976_PB2_H3N2
  1987___cdsAFG72095_A/Sichuan/2/1987_PB2_H3N2
  1951___cdsADT79104_A/Liverpool/1951_PB2_H1N1
  1968___cdsABO38744_A/Albany/2/1968_PB2_H2N2
  1977___cdsAFG99104_A/Rotterdam/8179/1977_PB2_H3N2
  1982___cdsABB96508_A/Nanjing/2/1982_PB2_H3N2
  1943___cdsABO38064_A/AA/Marton/1943_PB2_H1N1
  1968___cdsAAK51712_A/HongKong/1/1968_PB2_H3N2
  1985_02_01_cdsAFG99214_A/Netherlands/333/1985_PB2_H3N2
  1950___cdsABP49326_A/Albany/4836/1950_PB2_H1N1
  1958___cdsABO38306_A/Albany/4/1958_PB2_H2N2
  1946___cdsAGQ47787_A/Cameron/JY2/1946_PB2_H1N1
  1960___cdsAFV53324_A/AnnArbor/6/1960_PB2_H2N2
  1951___cdsABQ01321_A/Albany/1618/1951_PB2_H1N1
  1953___cdsADT78937_A/Netherlands/002W1/1953_PB2_H1N1
  1985___cdsAFG99225_A/Stockholm/10/1985_PB2_H3N2
  1984___cdsABB04960_A/HongKong/7/1984_PB2_H3N2
  1935___cdsAGQ47751_A/BH/JY2/1935_PB2_H1N1
  1970___cdsAAO46501_A/Queensland/7/70_PB2_H3N2
  1936___cdsABO38361_A/Henry/1936_PB2_H1N1
  1986___cdsABF21229_A/Leningrad/360/1986_PB2_H3N2
  1967___cdsAAO46263_A/AnnArbor/7/1967_PB2_H2N2
  1967___cdsAAO46266_A/Tokyo/3/1967_PB2_H2N2
  1947___cdsABD77817_A/FortMonmouth/1/1947_PB2_H1N1
  1987___cdsAFG99258_A/Shanghai/11/1987_PB2_H3N2
  1948___cdsABN59411_A/Albany/4835/1948_PB2_H1N1
  1981_07_03_cdsAGH99326_A/Taiwan/929/1981_PB2_H3N2
  1957___cdsABD15269_A/Denver/1957_PB2_H1N1
  1959_02_03_cdsABO44100_A/Albany/1/1959_PB2_H2N2
  1986___cdsAAZ43380_A/Memphis/66/1986_PB2_H3N2
  1934___cdsACV49555_A/PuertoRico/8-1/1934_PB2_H1N1
  1985___cdsABB04315_A/HongKong/6/1985_PB2_H3N2
  1966___cdsAAO46261_A/Panama/1/66_PB2_H2N2
  1940___cdsAGO00288_A/Hickox/JY2/1940_PB2_H1N1
  1968___cdsABO52257_A/Albany/1/1968_PB2_H2N2
  1947___cdsAGQ47775_A/FortMonmouth/1-JY2/1947_PB2_H1N1
  1933___cdsABD77806_A/Wilson-Smith/1933_PB2_H1N1
  1957___cdsAFV53270_A/Kw/1/1957_PB2_H1N1
  1979___cdsABF21226_A/Bangkok/1/1979_PB2_H3N2
  1948___cdsADT79093_A/Hemsbury/1948_PB2_H1N1
  1949___cdsAGQ47799_A/Roma/JY2/1949_PB2_H1N1
  1973___cdsAFG71995_A/Bilthoven/748/1973_PB2_H3N2
  1951___cdsABP49491_A/Albany/12/1951_PB2_H1N1
  1954___cdsADT78872_A/Netherlands/001H1/1954_PB2_H1N1
  1959___cdsAEN68974_A/Krasnodar/101/1959_PB2_H2N2
  1935___cdsABN59422_A/Alaska/1935_PB2_H1N1
  1943___cdsABO38383_A/Iowa/1943_PB2_H1N1
  1946___cdsABD79122_A/Cameron/1946_PB2_H1N1
  1968___cdsAAO46267_A/Berkeley/1/1968_PB2_H2N2
  1935___cdsAGQ47858_A/Melbourne/JY2/1935_PB2_H1N1
  1943___cdsABD79111_A/Weiss/1943_PB2_H1N1
  1986___cdsABA16488_A/Memphis/1/1986_PB2_H3N2
  1950___cdsAGQ47763_A/FortWarren/50-JY2/1950_PB2_H1N1
  1961___cdsAAO46255_A/Panama/1/61_PB2_H2N2
  1956___cdsADT78947_A/Netherlands/002Z1/1956_PB2_H1N1
  1933___cdsABF21236_A/Wilson-Smith/1933_PB2_H1N1
  1979_07_09_cdsAGH99322_A/Taiwan/10/1979_PB2_H3N2
  1966___cdsAAO46262_A/California/1/1966_PB2_H2N2
  1984___cdsABC86158_A/Nanjing/28/1984_PB2_H3N2
  1942___cdsAGO00276_A/Bellamy/JY2/1942_PB2_H1N1
  1934___cdsADX99657_A/PuertoRico/8-WG/1934_PB2_H1N1
  1918___cdsABA55038_A/BrevigMission/1/1918_PB2_H1N1
  1981___cdsAFG99137_A/Lyon/2380/1981_PB2_H3N2
  1956___cdsADT78855_A/Netherlands/001B1/1956_PB2_H1N1
  1966___cdsACI25734_A/CzechRepublic/1/1966_PB2_H2N2
  1953___cdsADT78904_A/Netherlands/001R1/1953_PB2_H1N1
  1954___cdsAGO00300_A/Malaysia/JY2/1954_PB2_H1N1
  1962___cdsAAO46256_A/Japan/170/62_PB2_H2N2
  1977___cdsABR15862_A/swine/Tennessee/31/1977_PB2_H1N1
  1976___cdsAHN00739_A/swine/Wisconsin/46/1976_PB2_H1N1
  1977___cdsABR15840_A/swine/Tennessee/19/1977_PB2_H1N1
  1980___cdsABS49964_A/swine/Wisconsin/629/1980_PB2_H1N1
  1981___cdsABR28668_A/swine/Ontario/4/1981_PB2_H1N1
  1987___cdsABS50120_A/swine/Iowa/1/1987_PB2_H1N1
  1977___cdsAEM60090_A/swine/Tennessee/85/1977_PB2_H1N1
  1976___cdsABR15829_A/swine/Iowa/4/1976_PB2_H1N1
  1978___cdsABY51214_A/swine/Tennessee/4/1978_PB2_H1N1
  1976___cdsABX58678_A/swine/Wisconsin/30747/1976_PB2_H1N1
  1991___cdsABR29574_A/swine/Maryland/23239/1991_PB2_H1N1
  1980___cdsABR28767_A/swine/Wisconsin/8/1980_PB2_H1N1
  1985___cdsABR29624_A/swine/Iowa/1/1985_PB2_H1N1
  1980___cdsABR28756_A/swine/Wisconsin/661/1980_PB2_H1N1
  1930___cdsAAA43126_A/swine/Iowa/15/1930_PB2_H1N1
  1978___cdsABU80275_A/swine/Tennessee/10/1978_PB2_H1N1
  1988___cdsABR29594_A/swine/Wisconsin/1915/1988_PB2_H1N1
  1931___cdsACV52111_A/swine/USA/1976/1931_PB2_H1N1
  1979___cdsABR28646_A/swine/Minnesota/5892-7/1979_PB2_H1N1
  1978___cdsABY51225_A/swine/Tennessee/7/1978_PB2_H1N1
  1981___cdsABS49942_A/swine/Ontario/1/1981_PB2_H1N1
  1990___cdsACI26613_A/swine/Memphis/1/1990_PB2_H1N1
  1991___cdsABW71530_A/swine/Iowa/24297/1991_PB2_H1N1
  1991___cdsABY84693_A/swine/California/T9001707/1991_PB2_H1N1
  1988___cdsACQ84506_A/Swine/Indiana/1726/1988_PB2_H1N1
  1931___cdsACV52122_A/swine/USA/1976-MA/1931_PB2_H1N1
  1935___cdsABW71491_A/swine/Ohio/23/1935_PB2_H1N1
  1961___cdsACD85164_A/swine/Wisconsin/1/1961_PB2_H1N1
  1981___cdsABW36354_A/swine/Ontario/3/1981_PB2_H1N1
  1988___cdsABR29604_A/swine/Iowa/17672/1988_PB2_H1N1
  1987___cdsABX58656_A/swine/Iowa/2/1987_PB2_H1N1
  1966___cdsABV82605_A/swine/Wisconsin/2/1966_PB2_H1N1
  1987___cdsABR29584_A/swine/Kansas/3228/1987_PB2_H1N1
  1985___cdsABW86605_A/swine/Iowa/2/1985_PB2_H1N1
  1975___cdsABU80198_A/swine/Minnesota/24/1975_PB2_H1N1
  1931___cdsAAA43649_A/swine/1976/1931_PB2_H1N1
  1957___cdsABV82583_A/swine/Wisconsin/1/1957_PB2_H1N1
  1970___cdsABR28734_A/swine/Wisconsin/2/1970_PB2_H1N1
  1986___cdsABY81436_A/swine/Iowa/1/1986_PB2_H1N1
  1975___cdsABR28613_A/swine/Illinois/1/1975_PB2_H1N1
  1971___cdsABR28712_A/swine/Wisconsin/1/1971_PB2_H1N1
Found 18 epitopes that aligned with no gaps and <= 1 mismatches.

Now purging as redundant epitopes that have the same MHCgroup and >= 8 residues of overlap in their alignment to the target protein.
Found a total of 7 unique epitopes.

Writing list of the unique and redundant epitopes to /fh/fast/bloom_j/grp/Heather/TcellEpitopeComparisons/human/PB2/cd8combinedepitopeslist.csv

Writing list of epitopes per site to /fh/fast/bloom_j/grp/Heather/TcellEpitopeComparisons/human/PB2/cd8combinedepitopesbysite.csv

Script is complete.
