
                  BEAST v1.8.1, 2002-2014
       Bayesian Evolutionary Analysis Sampling Trees
                 Designed and developed by
   Alexei J. Drummond, Andrew Rambaut and Marc A. Suchard
                              
               Department of Computer Science
                   University of Auckland
                  alexei@cs.auckland.ac.nz
                              
             Institute of Evolutionary Biology
                  University of Edinburgh
                     a.rambaut@ed.ac.uk
                              
              David Geffen School of Medicine
           University of California, Los Angeles
                     msuchard@ucla.edu
                              
                Downloads, Help & Resources:
                 	http://beast.bio.ed.ac.uk
                              
Source code distributed under the GNU Lesser General Public License:
            	http://code.google.com/p/beast-mcmc
                              
                     BEAST developers:
	Alex Alekseyenko, Guy Baele, Trevor Bedford, Filip Bielejec, Erik Bloomquist, Matthew Hall,
	Joseph Heled, Sebastian Hoehna, Denise Kuehnert, Philippe Lemey, Wai Lok Sibon Li,
	Gerton Lunter, Sidney Markowitz, Vladimir Minin, Michael Defoin Platel,
          	Oliver Pybus, Chieh-Hsi Wu, Walter Xie
                              
                         Thanks to:
    	Roald Forsberg, Beth Shapiro and Korbinian Strimmer

Using BEAGLE library v2.1.2 for accelerated, parallel likelihood evaluation
2009-2013, BEAGLE Working Group - http://beagle-lib.googlecode.com/
Citation: Ayres et al (2012) Systematic Biology 61: 170-173 | doi:10.1093/sysbio/syr100



Random number seed: 1428625332518



Loading additional development parsers from development_parsers.properties, which is additional set of parsers only available for development version ...

Parsing XML file: separatebeastinfile.xml
  File encoding: UTF8
Looking for plugins in /fh/fast/bloom_j/grp/Heather/TcellEpitopeComparisons/human/M1/plugins
Read alignment: alignment
  Sequences = 207
      Sites = 252
   Datatype = amino acid
Site patterns 'patterns' created from positions 1-252 of alignment 'alignment'
  pattern count = 252
Creating the tree model, 'treeModel'
  initial tree topology = (((((((((((((((((2009_04_29_cdsADL28089_A/California/VRDL201/2009_M1_H3N2,2013_12_07_cdsAIE10062_A/Texas/93/2013_M1_H3N2),1994_03_03_cdsABG88510_A/NewYork/741/1994_M1_H3N2),1992_01_24_cdsAFG72196_A/Finland/218/1992_M1_H3N2),(2003_03_20_cdsACF22160_A/Yucatan/ME6057/2003_M1_H3N2,2011_10_24_cdsAHC62615_A/Peru/PER395/2011_M1_H3N2)),1986___cdsABA16390_A/Memphis/1/1986_M1_H3N2),1971___cdsADT79002_A/Bilthoven/21438/1971_M1_H3N2),((((1985___cdsABB04328_A/HongKong/24/1985_M1_H3N2,1993___cdsAFH00077_A/Enschede/5458/1993_M1_H3N2),1969___cdsABB80035_A/HongKong/3/1969_M1_H3N2),(1977___cdsAFG99062_A/Amsterdam/1609/1977_M1_H3N2,1989___cdsAFG99315_A/England/138/1989_M1_H3N2)),1968___cdsAAO46673_A/Panama/1/68_M1_H3N2)),((1967___cdsABO44058_A/Albany/9/1967_M1_H2N2,1981___cdsAFG99128_A/Lyon/2380/1981_M1_H3N2),1954___cdsADT78879_A/Netherlands/001H1/1954_M1_H1N1)),((((1980___cdsAFG72030_A/Rotterdam/577/1980_M1_H3N2,1981___cdsAFG72041_A/Bilthoven/4791/1981_M1_H3N2),1964___cdsABF21310_A/Taiwan/1964_M1_H2N2),1962___cdsAAO46368_A/Netherlands/60/62_M1_H2N2),1958___cdsABP49438_A/Albany/24/1958_M1_H2N2)),1990_01_08_cdsACI26561_A/Siena/4/1990_M1_H3N2),(1961___cdsAAO46362_A/Panama/1/61_M1_H2N2,1978___cdsABO38231_A/Memphis/16/1978_M1_H3N2)),1933___cdsAAA43352_A/WSN/1933_M1_H1N1),1935___cdsAGQ47741_A/BH/JY2/1935_M1_H1N1),((((((2010_11_10_cdsAHC59294_A/Peru/PER109/2010_M1_H3N2,2013_03_07_cdsAGZ60639_A/NorthCarolina/05/2013_M1_H3N2),1963___cdsACV49579_A/NorthCarolina/1/1963_M1_H2N2),1978___cdsABB96342_A/Memphis/18/1978_M1_H3N2),1957___cdsABD15260_A/Denver/1957_M1_H1N1),1951___cdsABR15809_A/Albany/13/1951_M1_H1N1),1935___cdsABD62782_A/Melbourne/1935_M1_H1N1)),(1933_04_16_cdsACV49535_A/UnitedKingdom/1/1933_M1_H1N1,1934___cdsADX99648_A/PuertoRico/8-WG/1934_M1_H1N1)),((((((((((((((1997_12_02_cdsABB59997_A/NewYork/505/1997_M1_H3N2,2000___cdsABI93106_A/NewSouthWales/29/2000_M1_H3N2),1981_07_03_cdsAGI01284_A/Taiwan/930/1981_M1_H3N2),1977___cdsAFG99095_A/Rotterdam/8179/1977_M1_H3N2),(1973___cdsAGQ47895_A/PortChalmers/JY2/1973_M1_H3N2,1987___cdsAFG99249_A/Shanghai/11/1987_M1_H3N2)),1948___cdsABN59402_A/Albany/4835/1948_M1_H1N1),(1954___cdsAGO00290_A/Malaysia/JY2/1954_M1_H1N1,1957___cdsAAA19193_A/Leningrad/134/1957_M1_H2N2)),(((1950___cdsCAA30888_A/FW/1/1950_M1_H1N1,1957___cdsAFV53261_A/Kw/1/1957_M1_H1N1),(1967___cdsAFV53206_A/Montevideo/2208/1967_M1_H2N2,1968___cdsABN51122_A/Albany/19/1968_M1_H3N2)),(1974___cdsAFG71997_A/Bilthoven/5146/1974_M1_H3N2,1982___cdsABB96499_A/Nanjing/2/1982_M1_H3N2))),(((1962___cdsAAO46364_A/Japan/170/62_M1_H2N2,1966___cdsAAO46398_A/California/1/1966_M1_H2N2),1967___cdsAAO46404_A/Cordoba/522/67_M1_H2N2),1970___cdsABS49911_A/Albany/3/1970_M1_H3N2)),(((((((1988___cdsAAA43307_A/Memphis/8/1988_M1_H3N2,1988___cdsAFG99271_A/England/427/1988_M1_H3N2),1995_03_03_cdsABG88367_A/NewYork/683/1995_M1_H3N2),1979___cdsAAA43092_A/Bangkok/1/1979_M1_H3N2),1972___cdsABB80024_A/HongKong/50/1972_M1_H3N2),1949___cdsABN59435_A/Roma/1949_M1_H1N1),1956___cdsADT78953_A/Netherlands/002Z1/1956_M1_H1N1),1959___cdsAAO46356_A/Victoria/15681/59_M1_H2N2)),1918___cdsAAN06597_A/BrevigMission/1/1918_M1_H1N1),(1943___cdsAGQ47801_A/Weiss/JY2/1943_M1_H1N1,1949___cdsADT78932_A/Netherlands/002K1/1949_M1_H1N1)),((((((((((2002___cdsCDH98253_A/PERTH/201/2002_M1_H3N2,2005___cdsADE47245_A/Ningxia/139/2005_M1_H3N2),2005_08_31_cdsABI30833_A/Otago/3/2005_M1_H3N2),1982_04_01_cdsAFH00726_A/Netherlands/233/1982_M1_H3N2),1975___cdsAFG98952_A/Bilthoven/334/1975_M1_H3N2),(2008_12_11_cdsACT34558_A/Pennsylvania/13/2008_M1_H3N2,2012_12_19_cdsAHL95902_A/Boston/YGA_00089/2012_M1_H3N2)),1960___cdsADT78964_A/Netherlands/056H1/1960_M1_H2N2),((1963___cdsADT78890_A/Netherlands/001K1/1963_M1_H2N2,1968___cdsABO52358_A/Albany/17/1968_M1_H3N2),1960___cdsAFV53315_A/AnnArbor/6/1960_M1_H2N2)),((((1976___cdsABC40545_A/Memphis/103/1976_M1_H3N2,1977___cdsAFM68966_A/Texas/1/1977_M1_H3N2),1972___cdsAFG98853_A/Bilthoven/23290/1972_M1_H3N2),(1959___cdsAAO46358_A/SaoPaolo/3/1959_M1_H2N2,1968___cdsACF41692_A/Berkeley/1/1968_M1_H2N2)),1945___cdsABP49328_A/AA/Huston/1945_M1_H1N1)),((((((((2006_03_19_cdsADE47511_A/Xinjiang-Hutubi/21/2006_M1_H3N2,2009_02_01_cdsAEK28886_A/Arkansas/WRAIR1251P/2009_M1_H3N2),1996___cdsADE46829_A/Fujian/229/1996_M1_H3N2),1962___cdsAAO46366_A/Taiwan/1/1962_M1_H2N2),1965___cdsAAO46386_A/NewJersey/3/65_M1_H2N2),(((2007_07_24_cdsAEX36180_A/LangSon/LS218/2007_M1_H3N2,2008_10_23_cdsADM95612_A/Kisii/7558/2008_M1_H3N2),1970___cdsABS49900_A/Albany/1/1970_M1_H3N2),(1990___cdsABG37220_A/Memphis/2/1990_M1_H3N2,1993_11_27_cdsAFH00242_A/Netherlands/398/1993_M1_H3N2))),1951___cdsAGQ47812_A/FLW/1951_M1_H1N1),(1953___cdsADT78943_A/Netherlands/002W1/1953_M1_H1N1,1965___cdsAAO46388_A/Pittsburgh/2/65_M1_H2N2)),((((1957___cdsAFV53272_A/ITS/1/1957_M1_H2N2,1969___cdsAAO46679_A/Alaska/1/69_M1_H3N2),1971___cdsAFG71943_A/HongKong/107/1971_M1_H3N2),(1947___cdsAAA67337_A/FortMonmouth/1/1947_M1_H1N1,1958___cdsADT78900_A/Netherlands/001M/1958_M1_H2N2)),((1946___cdsABD79113_A/Cameron/1946_M1_H1N1,1946___cdsAGQ47777_A/Cameron/JY2/1946_M1_H1N1),1942___cdsABD62844_A/Bellamy/1942_M1_H1N1)))),(1948___cdsADT79100_A/Hemsbury/1948_M1_H1N1,1957___cdsAFV53305_A/Singapore/1/1957_M1_H2N2))),((((((((((1985_08_12_cdsAGI01296_A/Taiwan/1069/1985_M1_H3N2,1999_12_23_cdsAFJ74482_A/Malaysia/13328/1999_M1_H3N2),1984___cdsABC86149_A/Nanjing/28/1984_M1_H3N2),((1999___cdsABR20737_A/Sachsen-Anhalt/19/99_M1_H3N2,2001_12_23_cdsAAX35862_A/NewYork/131/2001_M1_H3N2),1983___cdsABD61530_A/Memphis/33/1983_M1_H3N2)),1973___cdsABB04339_A/HongKong/11/1973_M1_H3N2),1968___cdsABO38735_A/Albany/2/1968_M1_H2N2),(1983___cdsABB04918_A/HongKong/26/1983_M1_H3N2,2011_11_26_cdsAIG44983_A/Singapore/H2011.904/2011_M1_H3N2)),(1966___cdsAAO46394_A/Panama/1/66_M1_H2N2,1980___cdsABB46548_A/HongKong/45/1980_M1_H3N2)),1956___cdsADE45517_A/Jingsheng/1/1956_M1_H1N1),1943___cdsABO38374_A/Iowa/1943_M1_H1N1),(((((1940___cdsAGO00278_A/Hickox/JY2/1940_M1_H1N1,1947___cdsAGQ47765_A/FortMonmouth/1-JY2/1947_M1_H1N1),(1942___cdsAGO00266_A/Bellamy/JY2/1942_M1_H1N1,1958___cdsAAO46352_A/Malaya/16/58_M1_H2N2)),1936___cdsABO38352_A/Henry/1936_M1_H1N1),1933___cdsBAA01449_A/WSN_M1_H1N1),((((1974___cdsABO52336_A/Albany/20/1974_M1_H3N2,1974___cdsAFG98919_A/Bilthoven/5931/1974_M1_H3N2),1969___cdsAAO46685_A/Taiwan/1/69_M1_H3N2),(1965___cdsAAO46384_A/Albany/1/65_M1_H2N2,1976___cdsAFG99029_A/Bilthoven/5029/1976_M1_H3N2)),(1980_07_07_cdsAGI01280_A/Taiwan/601/1980_M1_H3N2,1985_01_01_cdsAFG99194_A/Netherlands/330/1985_M1_H3N2))))),(((((((2004_02_02_cdsAEX35352_A/HaNoi/HN30130/2004_M1_H3N2,2012_03_08_cdsAGL07045_A/Washington/20/2012_M1_H3N2),2001___cdsADE48123_A/Guangzhou/1348/2001_M1_H3N2),2004_12_28_cdsAAZ74519_A/NewYork/381/2004_M1_H3N2),1990___cdsABA43337_A/Memphis/1/1990_M1_H3N2),(((2005_08_11_cdsAGI01466_A/Taiwan/519/2005_M1_H3N2,2006_10_12_cdsAFJ78079_A/Malaysia/1657167/2006_M1_H3N2),2013_02_07_cdsAGZ60458_A/Kentucky/03/2013_M1_H3N2),2000___cdsABI30401_A/Wellington/26/2000_M1_H3N2)),1986___cdsAFM72077_A/Leningrad/360/1986_M1_H3N2),1972___cdsAAO46705_A/PuertoRico/3/72_M1_H3N2))),((((((((((((((1988___cdsAFG99260_A/Atlanta/3572/1988_M1_H3N2,1991_12_04_cdsAFH00022_A/Tilburg/5957/1991_M1_H3N2),1995_02_18_cdsABG67191_A/NewYork/677/1995_M1_H3N2),2003___cdsADE46859_A/Hanfang/176/2003_M1_H3N2),1986___cdsAFG99238_A/Colorado/2/1986_M1_H3N2),(((1994___cdsAAD00129_A/Sendai/c384/94_M1_H3N2,1995_11_20_cdsAFH00418_A/Lyon/2279/1995_M1_H3N2),1991_12_01_cdsAFG99889_A/Paris/467/1991_M1_H3N2),1998___cdsACC60473_A/HongKong/CUHK17464/1998_M1_H3N2)),1983___cdsABB79789_A/HongKong/14/1983_M1_H3N2),(1973___cdsAFG98886_A/Bilthoven/3517/1973_M1_H3N2,1975___cdsAFM71968_A/Victoria/3/1975_M1_H3N2)),(1979_07_09_cdsAGI01274_A/Taiwan/10/1979_M1_H3N2,1982___cdsAFG99139_A/Bilthoven/10684/1982_M1_H3N2)),1956___cdsADT78861_A/Netherlands/001B1/1956_M1_H1N1),1957___cdsAGO00302_A/Denver/JY2/1957_M1_H1N1),((((((((((1996_01_08_cdsABE14042_A/NewYork/622/1996_M1_H3N2,2000_01_05_cdsAAX57835_A/NewYork/170/2000_M1_H3N2),1992_01_10_cdsAFG99768_A/Netherlands/935/1992_M1_H3N2),((1998___cdsADE47739_A/Guangzhou/934/1998_M1_H3N2,2010_11_20_cdsAHC61440_A/Peru/PER292/2010_M1_H3N2),1993_12_09_cdsAFG72406_A/Netherlands/399/1993_M1_H3N2)),((1997___cdsACC60389_A/HongKong/CUHK12160/1997_M1_H3N2,1999___cdsACC60509_A/HongKong/CUHK10100/1999_M1_H3N2),(2002_08_23_cdsABG37473_A/Waikato/58/2002_M1_H3N2,2008_11_10_cdsADM95648_A/Kisumu/7627/2008_M1_H3N2))),1989___cdsAFH00297_A/Singapore/36/1989_M1_H3N2),1987_07_14_cdsAGI01298_A/Taiwan/1091/1987_M1_H3N2),(((2003_06_22_cdsABG67547_A/Waikato/155/2003_M1_H3N2,2006_12_07_cdsADE47293_A/Anhui-Baohe/1884/2006_M1_H3N2),2007_01_11_cdsADE47723_A/Jiangsu-Xuanwu/35/2007_M1_H3N2),2012_08_31_cdsAHZ35669_A/Nicaragua/AGA2-09/2012_M1_H3N2)),1964___cdsACD85221_A/Cottbus/1/1964_M1_H2N2),(((((((1996___cdsAFH00440_A/Geneva/3958/1996_M1_H3N2,1998_03_12_cdsABB80673_A/NewYork/541/1998_M1_H3N2),1994_02_21_cdsABG80129_A/NewYork/746/1994_M1_H3N2),((2009_07_06_cdsAEY69132_A/HongKong/H090-672-V10/2009_M1_H3N2,2010_12_07_cdsAGK74140_A/NewJersey/03/2010_M1_H3N2),2002___cdsACC60703_A/HongKong/CUHK21582/2002_M1_H3N2)),((1997_12_31_cdsABB80515_A/NewYork/524/1997_M1_H3N2,2004___cdsADE47027_A/Jiangxi/269/2004_M1_H3N2),1992___cdsADT79089_A/Netherlands/823/1992_M1_H3N2)),1989___cdsAFG72108_A/Eindhoven/3447/1989_M1_H3N2),1978___cdsABB96331_A/Memphis/12/1978_M1_H3N2),1968___cdsAAO46420_A/Berkeley/1/1968_M1_H2N2)),1950___cdsAGQ47753_A/FortWarren/50-JY2/1950_M1_H1N1)),(((1970___cdsAAO46693_A/Taiwan/2/70_M1_H3N2,1975___cdsABO52314_A/Albany/42/1975_M1_H3N2),1964___cdsAAO46382_A/Murakami/4/64_M1_H2N2),(1951___cdsABP49482_A/Albany/12/1951_M1_H1N1,1959___cdsAEN68979_A/Krasnodar/101/1959_M1_H2N2))),1943___cdsABD79102_A/Weiss/1943_M1_H1N1),(((((((((2007_01_18_cdsADE47559_A/Gansu-Chengguan/1109/2007_M1_H3N2,2011_12_30_cdsAGL06808_A/Wyoming/09/2011_M1_H3N2),2001___cdsACC60677_A/HongKong/CUHK34114/2001_M1_H3N2),1976___cdsABB96364_A/Memphis/137/1976_M1_H3N2),1991_12_12_cdsAFG99557_A/Lyon/1189/1991_M1_H3N2),(1971___cdsAAO46703_A/Chiba/5/71_M1_H3N2,1979___cdsABF21296_A/Bangkok/1/1979_M1_H3N2)),1987_11_02_cdsAGI01300_A/Taiwan/1097/1987_M1_H3N2),1963___cdsAAO46376_A/GreatLakes/3/1963_M1_H2N2),1935___cdsABO38385_A/Phila/1935_M1_H1N1),1947___cdsABD77808_A/FortMonmouth/1/1947_M1_H1N1)))
  tree height = 615.6423582612848
Using strict molecular clock model.
Creating site model.
Using BEAGLE TreeLikelihood
  Branch rate model used: strictClockBranchRates
  Using BEAGLE resource 0: CPU
    with instance flags:  PRECISION_DOUBLE COMPUTATION_SYNCH EIGEN_REAL SCALING_MANUAL SCALERS_RAW VECTOR_NONE THREADING_NONE PROCESSOR_CPU FRAMEWORK_CPU
  Ignoring ambiguities in tree likelihood.
  With 252 unique site patterns.
  Using rescaling scheme : delayed
Optimization Schedule: log
Likelihood computation is using an auto sizing thread pool.
dr.xml.XMLParseException: Error parsing '<log>' element with id, 'fileLog':

The log file prot_aligned.log already exists in the working directory.
To allow it to be overwritten, use the '-overwrite' command line option when running
BEAST or select the option in the Run Options dialog box as appropriate.
	at dr.xml.AbstractXMLObjectParser.parseXMLObject(Unknown Source)
	at dr.xml.XMLParser.convert(Unknown Source)
	at dr.xml.XMLParser.convert(Unknown Source)
	at dr.xml.XMLParser.convert(Unknown Source)
	at dr.xml.XMLParser.parse(Unknown Source)
	at dr.app.beast.BeastMain.<init>(Unknown Source)
	at dr.app.beast.BeastMain.main(Unknown Source)
Apr 09, 2015 5:22:14 PM dr.app.beast.BeastMain <init>
SEVERE: Parsing error - poorly formed BEAST file, separatebeastinfile.xml:
Error parsing '<log>' element with id, 'fileLog':

The log file prot_aligned.log already exists in the working directory.
To allow it to be overwritten, use the '-overwrite' command line option when running
BEAST or select the option in the Run Options dialog box as appropriate.
java.lang.RuntimeException: Terminate
	at dr.app.beast.BeastMain.<init>(Unknown Source)
	at dr.app.beast.BeastMain.main(Unknown Source)
